# JRE version: OpenJDK Runtime Environment Temurin-17.0.16+8 (17.0.16+8) (build 17.0.16+8)
# Java VM: OpenJDK 64-Bit Server VM Temurin-17.0.16+8 (17.0.16+8, mixed mode, sharing, tiered, compressed oops, compressed class ptrs, g1 gc, windows-amd64)
GC Precious Log:
 CPUs: 16 total, 16 available
 Memory: 32561M
 Large Page Support: Disabled
 NUMA Support: Disabled
 Compressed Oops: Enabled (Zero based)
 Heap Region Size: 4M
 Heap Min Capacity: 8M
 Heap Initial Capacity: 512M
 Heap Max Capacity: 8144M
 Pre-touch: Disabled
 Parallel Workers: 13
 Concurrent Workers: 3
 Concurrent Refinement Workers: 13
 Periodic GC: Disabled
Heap:
 garbage-first heap   total 139264K, used 49870K [0x0000000603000000, 0x0000000800000000)
  region size 4096K, 6 young (24576K), 1 survivors (4096K)
 Metaspace       used 50872K, committed 51072K, reserved 1114112K
  class space    used 5896K, committed 6016K, reserved 1048576K
GC Heap History (20 events):
Event: 1.695 GC heap before
{Heap before GC invocations=2 (full 0):
 garbage-first heap   total 524288K, used 45710K [0x0000000603000000, 0x0000000800000000)
  region size 4096K, 11 young (45056K), 1 survivors (4096K)
 Metaspace       used 21361K, committed 21504K, reserved 1114112K
  class space    used 2889K, committed 2944K, reserved 1048576K
}
Event: 1.698 GC heap after
{Heap after GC invocations=3 (full 0):
 garbage-first heap   total 524288K, used 13673K [0x0000000603000000, 0x0000000800000000)
  region size 4096K, 2 young (8192K), 2 survivors (8192K)
 Metaspace       used 21361K, committed 21504K, reserved 1114112K
  class space    used 2889K, committed 2944K, reserved 1048576K
}
Event: 2.153 GC heap before
{Heap before GC invocations=4 (full 0):
 garbage-first heap   total 69632K, used 46441K [0x0000000603000000, 0x0000000800000000)
  region size 4096K, 10 young (40960K), 2 survivors (8192K)
 Metaspace       used 27205K, committed 27392K, reserved 1114112K
  class space    used 3444K, committed 3520K, reserved 1048576K
}
Event: 2.157 GC heap after
{Heap after GC invocations=5 (full 0):
 garbage-first heap   total 69632K, used 16859K [0x0000000603000000, 0x0000000800000000)
  region size 4096K, 1 young (4096K), 1 survivors (4096K)
 Metaspace       used 27205K, committed 27392K, reserved 1114112K
  class space    used 3444K, committed 3520K, reserved 1048576K
}
Event: 2.241 GC heap before
{Heap before GC invocations=5 (full 0):
 garbage-first heap   total 69632K, used 20955K [0x0000000603000000, 0x0000000800000000)
  region size 4096K, 2 young (8192K), 1 survivors (4096K)
 Metaspace       used 28345K, committed 28480K, reserved 1114112K
  class space    used 3573K, committed 3648K, reserved 1048576K
}
Event: 2.246 GC heap after
{Heap after GC invocations=6 (full 0):
 garbage-first heap   total 69632K, used 17274K [0x0000000603000000, 0x0000000800000000)
  region size 4096K, 1 young (4096K), 1 survivors (4096K)
 Metaspace       used 28345K, committed 28480K, reserved 1114112K
  class space    used 3573K, committed 3648K, reserved 1048576K
}
Event: 3.181 GC heap before
{Heap before GC invocations=6 (full 0):
 garbage-first heap   total 69632K, used 41850K [0x0000000603000000, 0x0000000800000000)
  region size 4096K, 7 young (28672K), 1 survivors (4096K)
 Metaspace       used 33995K, committed 34240K, reserved 1114112K
  class space    used 4212K, committed 4352K, reserved 1048576K
}
Event: 3.186 GC heap after
{Heap after GC invocations=7 (full 0):
 garbage-first heap   total 69632K, used 21021K [0x0000000603000000, 0x0000000800000000)
  region size 4096K, 1 young (4096K), 1 survivors (4096K)
 Metaspace       used 33995K, committed 34240K, reserved 1114112K
  class space    used 4212K, committed 4352K, reserved 1048576K
}
Event: 3.709 GC heap before
{Heap before GC invocations=7 (full 0):
 garbage-first heap   total 69632K, used 45597K [0x0000000603000000, 0x0000000800000000)
  region size 4096K, 7 young (28672K), 1 survivors (4096K)
 Metaspace       used 35706K, committed 35968K, reserved 1114112K
  class space    used 4364K, committed 4480K, reserved 1048576K
}
Event: 3.717 GC heap after
{Heap after GC invocations=8 (full 0):
 garbage-first heap   total 69632K, used 23087K [0x0000000603000000, 0x0000000800000000)
  region size 4096K, 1 young (4096K), 1 survivors (4096K)
 Metaspace       used 35706K, committed 35968K, reserved 1114112K
  class space    used 4364K, committed 4480K, reserved 1048576K
}
Event: 4.062 GC heap before
{Heap before GC invocations=8 (full 0):
 garbage-first heap   total 69632K, used 39471K [0x0000000603000000, 0x0000000800000000)
  region size 4096K, 6 young (24576K), 1 survivors (4096K)
 Metaspace       used 35896K, committed 36096K, reserved 1114112K
  class space    used 4382K, committed 4480K, reserved 1048576K
}
Event: 4.067 GC heap after
{Heap after GC invocations=9 (full 0):
 garbage-first heap   total 69632K, used 23783K [0x0000000603000000, 0x0000000800000000)
  region size 4096K, 1 young (4096K), 1 survivors (4096K)
 Metaspace       used 35896K, committed 36096K, reserved 1114112K
  class space    used 4382K, committed 4480K, reserved 1048576K
}
Event: 5.413 GC heap before
{Heap before GC invocations=10 (full 0):
 garbage-first heap   total 69632K, used 48359K [0x0000000603000000, 0x0000000800000000)
  region size 4096K, 7 young (28672K), 1 survivors (4096K)
 Metaspace       used 40673K, committed 40896K, reserved 1114112K
  class space    used 4940K, committed 5056K, reserved 1048576K
}
Event: 5.422 GC heap after
{Heap after GC invocations=11 (full 0):
 garbage-first heap   total 69632K, used 26877K [0x0000000603000000, 0x0000000800000000)
  region size 4096K, 1 young (4096K), 1 survivors (4096K)
 Metaspace       used 40673K, committed 40896K, reserved 1114112K
  class space    used 4940K, committed 5056K, reserved 1048576K
}
Event: 7.853 GC heap before
{Heap before GC invocations=11 (full 0):
 garbage-first heap   total 69632K, used 47357K [0x0000000603000000, 0x0000000800000000)
  region size 4096K, 6 young (24576K), 1 survivors (4096K)
 Metaspace       used 44139K, committed 44416K, reserved 1114112K
  class space    used 5120K, committed 5248K, reserved 1048576K
}
Event: 7.866 GC heap after
{Heap after GC invocations=12 (full 0):
 garbage-first heap   total 69632K, used 29316K [0x0000000603000000, 0x0000000800000000)
  region size 4096K, 1 young (4096K), 1 survivors (4096K)
 Metaspace       used 44139K, committed 44416K, reserved 1114112K
  class space    used 5120K, committed 5248K, reserved 1048576K
}
Event: 8.270 GC heap before
{Heap before GC invocations=12 (full 0):
 garbage-first heap   total 69632K, used 49796K [0x0000000603000000, 0x0000000800000000)
  region size 4096K, 6 young (24576K), 1 survivors (4096K)
 Metaspace       used 44675K, committed 44928K, reserved 1114112K
  class space    used 5132K, committed 5248K, reserved 1048576K
}
Event: 8.282 GC heap after
{Heap after GC invocations=13 (full 0):
 garbage-first heap   total 69632K, used 32435K [0x0000000603000000, 0x0000000800000000)
  region size 4096K, 1 young (4096K), 1 survivors (4096K)
 Metaspace       used 44675K, committed 44928K, reserved 1114112K
  class space    used 5132K, committed 5248K, reserved 1048576K
}
Event: 8.915 GC heap before
{Heap before GC invocations=13 (full 0):
 garbage-first heap   total 69632K, used 48819K [0x0000000603000000, 0x0000000800000000)
  region size 4096K, 5 young (20480K), 1 survivors (4096K)
 Metaspace       used 49162K, committed 49408K, reserved 1114112K
  class space    used 5760K, committed 5888K, reserved 1048576K
}
Event: 8.921 GC heap after
{Heap after GC invocations=14 (full 0):
 garbage-first heap   total 299008K, used 33486K [0x0000000603000000, 0x0000000800000000)
  region size 4096K, 1 young (4096K), 1 survivors (4096K)
 Metaspace       used 49162K, committed 49408K, reserved 1114112K
  class space    used 5760K, committed 5888K, reserved 1048576K
}

