# JRE version: OpenJDK Runtime Environment Temurin-17.0.16+8 (17.0.16+8) (build 17.0.16+8)
# Java VM: OpenJDK 64-Bit Server VM Temurin-17.0.16+8 (17.0.16+8, mixed mode, sharing, tiered, compressed oops, compressed class ptrs, g1 gc, windows-amd64)
GC Precious Log:
 CPUs: 16 total, 16 available
 Memory: 32561M
 Large Page Support: Disabled
 NUMA Support: Disabled
 Compressed Oops: Enabled (Zero based)
 Heap Region Size: 4M
 Heap Min Capacity: 8M
 Heap Initial Capacity: 512M
 Heap Max Capacity: 8144M
 Pre-touch: Disabled
 Parallel Workers: 13
 Concurrent Workers: 3
 Concurrent Refinement Workers: 13
 Periodic GC: Disabled
Heap:
 garbage-first heap   total 299008K, used 37970K [0x0000000603000000, 0x0000000800000000)
  region size 4096K, 4 young (16384K), 1 survivors (4096K)
 Metaspace       used 54617K, committed 54848K, reserved 1114112K
  class space    used 6215K, committed 6336K, reserved 1048576K
GC Heap History (20 events):
Event: 2.060 GC heap before
{Heap before GC invocations=2 (full 0):
 garbage-first heap   total 524288K, used 45590K [0x0000000603000000, 0x0000000800000000)
  region size 4096K, 11 young (45056K), 1 survivors (4096K)
 Metaspace       used 21345K, committed 21504K, reserved 1114112K
  class space    used 2888K, committed 2944K, reserved 1048576K
}
Event: 2.063 GC heap after
{Heap after GC invocations=3 (full 0):
 garbage-first heap   total 524288K, used 13794K [0x0000000603000000, 0x0000000800000000)
  region size 4096K, 2 young (8192K), 2 survivors (8192K)
 Metaspace       used 21345K, committed 21504K, reserved 1114112K
  class space    used 2888K, committed 2944K, reserved 1048576K
}
Event: 3.160 GC heap before
{Heap before GC invocations=4 (full 0):
 garbage-first heap   total 69632K, used 46562K [0x0000000603000000, 0x0000000800000000)
  region size 4096K, 10 young (40960K), 2 survivors (8192K)
 Metaspace       used 27082K, committed 27328K, reserved 1114112K
  class space    used 3432K, committed 3520K, reserved 1048576K
}
Event: 3.164 GC heap after
{Heap after GC invocations=5 (full 0):
 garbage-first heap   total 69632K, used 16899K [0x0000000603000000, 0x0000000800000000)
  region size 4096K, 1 young (4096K), 1 survivors (4096K)
 Metaspace       used 27082K, committed 27328K, reserved 1114112K
  class space    used 3432K, committed 3520K, reserved 1048576K
}
Event: 3.319 GC heap before
{Heap before GC invocations=5 (full 0):
 garbage-first heap   total 69632K, used 20995K [0x0000000603000000, 0x0000000800000000)
  region size 4096K, 2 young (8192K), 1 survivors (4096K)
 Metaspace       used 28192K, committed 28352K, reserved 1114112K
  class space    used 3562K, committed 3648K, reserved 1048576K
}
Event: 3.325 GC heap after
{Heap after GC invocations=6 (full 0):
 garbage-first heap   total 69632K, used 17279K [0x0000000603000000, 0x0000000800000000)
  region size 4096K, 1 young (4096K), 1 survivors (4096K)
 Metaspace       used 28192K, committed 28352K, reserved 1114112K
  class space    used 3562K, committed 3648K, reserved 1048576K
}
Event: 4.113 GC heap before
{Heap before GC invocations=6 (full 0):
 garbage-first heap   total 69632K, used 41855K [0x0000000603000000, 0x0000000800000000)
  region size 4096K, 7 young (28672K), 1 survivors (4096K)
 Metaspace       used 33604K, committed 33920K, reserved 1114112K
  class space    used 4195K, committed 4352K, reserved 1048576K
}
Event: 4.117 GC heap after
{Heap after GC invocations=7 (full 0):
 garbage-first heap   total 69632K, used 20416K [0x0000000603000000, 0x0000000800000000)
  region size 4096K, 1 young (4096K), 1 survivors (4096K)
 Metaspace       used 33604K, committed 33920K, reserved 1114112K
  class space    used 4195K, committed 4352K, reserved 1048576K
}
Event: 4.462 GC heap before
{Heap before GC invocations=7 (full 0):
 garbage-first heap   total 69632K, used 28608K [0x0000000603000000, 0x0000000800000000)
  region size 4096K, 4 young (16384K), 1 survivors (4096K)
 Metaspace       used 35888K, committed 36096K, reserved 1114112K
  class space    used 4447K, committed 4544K, reserved 1048576K
}
Event: 4.468 GC heap after
{Heap after GC invocations=8 (full 0):
 garbage-first heap   total 69632K, used 21488K [0x0000000603000000, 0x0000000800000000)
  region size 4096K, 1 young (4096K), 1 survivors (4096K)
 Metaspace       used 35888K, committed 36096K, reserved 1114112K
  class space    used 4447K, committed 4544K, reserved 1048576K
}
Event: 4.745 GC heap before
{Heap before GC invocations=9 (full 0):
 garbage-first heap   total 69632K, used 41968K [0x0000000603000000, 0x0000000800000000)
  region size 4096K, 7 young (28672K), 1 survivors (4096K)
 Metaspace       used 36452K, committed 36672K, reserved 1114112K
  class space    used 4512K, committed 4672K, reserved 1048576K
}
Event: 4.749 GC heap after
{Heap after GC invocations=10 (full 0):
 garbage-first heap   total 69632K, used 23163K [0x0000000603000000, 0x0000000800000000)
  region size 4096K, 1 young (4096K), 1 survivors (4096K)
 Metaspace       used 36452K, committed 36672K, reserved 1114112K
  class space    used 4512K, committed 4672K, reserved 1048576K
}
Event: 5.629 GC heap before
{Heap before GC invocations=10 (full 0):
 garbage-first heap   total 69632K, used 47739K [0x0000000603000000, 0x0000000800000000)
  region size 4096K, 7 young (28672K), 1 survivors (4096K)
 Metaspace       used 39738K, committed 40000K, reserved 1114112K
  class space    used 4864K, committed 4992K, reserved 1048576K
}
Event: 5.636 GC heap after
{Heap after GC invocations=11 (full 0):
 garbage-first heap   total 69632K, used 24336K [0x0000000603000000, 0x0000000800000000)
  region size 4096K, 1 young (4096K), 1 survivors (4096K)
 Metaspace       used 39738K, committed 40000K, reserved 1114112K
  class space    used 4864K, committed 4992K, reserved 1048576K
}
Event: 7.265 GC heap before
{Heap before GC invocations=11 (full 0):
 garbage-first heap   total 69632K, used 44816K [0x0000000603000000, 0x0000000800000000)
  region size 4096K, 7 young (28672K), 1 survivors (4096K)
 Metaspace       used 42943K, committed 43200K, reserved 1114112K
  class space    used 5065K, committed 5184K, reserved 1048576K
}
Event: 7.273 GC heap after
{Heap after GC invocations=12 (full 0):
 garbage-first heap   total 69632K, used 27276K [0x0000000603000000, 0x0000000800000000)
  region size 4096K, 1 young (4096K), 1 survivors (4096K)
 Metaspace       used 42943K, committed 43200K, reserved 1114112K
  class space    used 5065K, committed 5184K, reserved 1048576K
}
Event: 8.028 GC heap before
{Heap before GC invocations=12 (full 0):
 garbage-first heap   total 69632K, used 47756K [0x0000000603000000, 0x0000000800000000)
  region size 4096K, 6 young (24576K), 1 survivors (4096K)
 Metaspace       used 47369K, committed 47616K, reserved 1114112K
  class space    used 5502K, committed 5632K, reserved 1048576K
}
Event: 8.036 GC heap after
{Heap after GC invocations=13 (full 0):
 garbage-first heap   total 69632K, used 29281K [0x0000000603000000, 0x0000000800000000)
  region size 4096K, 1 young (4096K), 1 survivors (4096K)
 Metaspace       used 47369K, committed 47616K, reserved 1114112K
  class space    used 5502K, committed 5632K, reserved 1048576K
}
Event: 8.734 GC heap before
{Heap before GC invocations=13 (full 0):
 garbage-first heap   total 69632K, used 49761K [0x0000000603000000, 0x0000000800000000)
  region size 4096K, 6 young (24576K), 1 survivors (4096K)
 Metaspace       used 52591K, committed 52864K, reserved 1114112K
  class space    used 5992K, committed 6144K, reserved 1048576K
}
Event: 8.740 GC heap after
{Heap after GC invocations=14 (full 0):
 garbage-first heap   total 299008K, used 29778K [0x0000000603000000, 0x0000000800000000)
  region size 4096K, 1 young (4096K), 1 survivors (4096K)
 Metaspace       used 52591K, committed 52864K, reserved 1114112K
  class space    used 5992K, committed 6144K, reserved 1048576K
}

