# JRE version: OpenJDK Runtime Environment Temurin-17.0.16+8 (17.0.16+8) (build 17.0.16+8)
# Java VM: OpenJDK 64-Bit Server VM Temurin-17.0.16+8 (17.0.16+8, mixed mode, sharing, tiered, compressed oops, compressed class ptrs, g1 gc, windows-amd64)
GC Precious Log:
 CPUs: 16 total, 16 available
 Memory: 32561M
 Large Page Support: Disabled
 NUMA Support: Disabled
 Compressed Oops: Enabled (Zero based)
 Heap Region Size: 4M
 Heap Min Capacity: 8M
 Heap Initial Capacity: 512M
 Heap Max Capacity: 8144M
 Pre-touch: Disabled
 Parallel Workers: 13
 Concurrent Workers: 3
 Concurrent Refinement Workers: 13
 Periodic GC: Disabled
Heap:
 garbage-first heap   total 110592K, used 61171K [0x0000000603000000, 0x0000000800000000)
  region size 4096K, 7 young (28672K), 2 survivors (8192K)
 Metaspace       used 70754K, committed 71040K, reserved 1114112K
  class space    used 7412K, committed 7552K, reserved 1048576K
GC Heap History (20 events):
Event: 1.616 GC heap before
{Heap before GC invocations=5 (full 0):
 garbage-first heap   total 69632K, used 21374K [0x0000000603000000, 0x0000000800000000)
  region size 4096K, 2 young (8192K), 1 survivors (4096K)
 Metaspace       used 29473K, committed 29632K, reserved 1114112K
  class space    used 3664K, committed 3712K, reserved 1048576K
}
Event: 1.621 GC heap after
{Heap after GC invocations=6 (full 0):
 garbage-first heap   total 69632K, used 17720K [0x0000000603000000, 0x0000000800000000)
  region size 4096K, 1 young (4096K), 1 survivors (4096K)
 Metaspace       used 29473K, committed 29632K, reserved 1114112K
  class space    used 3664K, committed 3712K, reserved 1048576K
}
Event: 2.225 GC heap before
{Heap before GC invocations=6 (full 0):
 garbage-first heap   total 69632K, used 42296K [0x0000000603000000, 0x0000000800000000)
  region size 4096K, 7 young (28672K), 1 survivors (4096K)
 Metaspace       used 34725K, committed 34944K, reserved 1114112K
  class space    used 4275K, committed 4416K, reserved 1048576K
}
Event: 2.229 GC heap after
{Heap after GC invocations=7 (full 0):
 garbage-first heap   total 69632K, used 22080K [0x0000000603000000, 0x0000000800000000)
  region size 4096K, 1 young (4096K), 1 survivors (4096K)
 Metaspace       used 34725K, committed 34944K, reserved 1114112K
  class space    used 4275K, committed 4416K, reserved 1048576K
}
Event: 2.394 GC heap before
{Heap before GC invocations=7 (full 0):
 garbage-first heap   total 69632K, used 46656K [0x0000000603000000, 0x0000000800000000)
  region size 4096K, 7 young (28672K), 1 survivors (4096K)
 Metaspace       used 35719K, committed 35968K, reserved 1114112K
  class space    used 4369K, committed 4480K, reserved 1048576K
}
Event: 2.401 GC heap after
{Heap after GC invocations=8 (full 0):
 garbage-first heap   total 69632K, used 23610K [0x0000000603000000, 0x0000000800000000)
  region size 4096K, 1 young (4096K), 1 survivors (4096K)
 Metaspace       used 35719K, committed 35968K, reserved 1114112K
  class space    used 4369K, committed 4480K, reserved 1048576K
}
Event: 2.541 GC heap before
{Heap before GC invocations=8 (full 0):
 garbage-first heap   total 69632K, used 35898K [0x0000000603000000, 0x0000000800000000)
  region size 4096K, 5 young (20480K), 1 survivors (4096K)
 Metaspace       used 35908K, committed 36096K, reserved 1114112K
  class space    used 4379K, committed 4480K, reserved 1048576K
}
Event: 2.545 GC heap after
{Heap after GC invocations=9 (full 0):
 garbage-first heap   total 299008K, used 24192K [0x0000000603000000, 0x0000000800000000)
  region size 4096K, 1 young (4096K), 1 survivors (4096K)
 Metaspace       used 35908K, committed 36096K, reserved 1114112K
  class space    used 4379K, committed 4480K, reserved 1048576K
}
Event: 4.533 GC heap before
{Heap before GC invocations=10 (full 0):
 garbage-first heap   total 110592K, used 85632K [0x0000000603000000, 0x0000000800000000)
  region size 4096K, 16 young (65536K), 1 survivors (4096K)
 Metaspace       used 44668K, committed 44928K, reserved 1114112K
  class space    used 5163K, committed 5312K, reserved 1048576K
}
Event: 4.549 GC heap after
{Heap after GC invocations=11 (full 0):
 garbage-first heap   total 110592K, used 31681K [0x0000000603000000, 0x0000000800000000)
  region size 4096K, 2 young (8192K), 2 survivors (8192K)
 Metaspace       used 44668K, committed 44928K, reserved 1114112K
  class space    used 5163K, committed 5312K, reserved 1048576K
}
Event: 6.889 GC heap before
{Heap before GC invocations=11 (full 0):
 garbage-first heap   total 110592K, used 72641K [0x0000000603000000, 0x0000000800000000)
  region size 4096K, 12 young (49152K), 2 survivors (8192K)
 Metaspace       used 47028K, committed 47296K, reserved 1114112K
  class space    used 5278K, committed 5440K, reserved 1048576K
}
Event: 6.909 GC heap after
{Heap after GC invocations=12 (full 0):
 garbage-first heap   total 110592K, used 36529K [0x0000000603000000, 0x0000000800000000)
  region size 4096K, 2 young (8192K), 2 survivors (8192K)
 Metaspace       used 47028K, committed 47296K, reserved 1114112K
  class space    used 5278K, committed 5440K, reserved 1048576K
}
Event: 9.242 GC heap before
{Heap before GC invocations=12 (full 0):
 garbage-first heap   total 110592K, used 73393K [0x0000000603000000, 0x0000000800000000)
  region size 4096K, 11 young (45056K), 2 survivors (8192K)
 Metaspace       used 47596K, committed 47872K, reserved 1114112K
  class space    used 5303K, committed 5440K, reserved 1048576K
}
Event: 9.256 GC heap after
{Heap after GC invocations=13 (full 0):
 garbage-first heap   total 110592K, used 39978K [0x0000000603000000, 0x0000000800000000)
  region size 4096K, 2 young (8192K), 2 survivors (8192K)
 Metaspace       used 47596K, committed 47872K, reserved 1114112K
  class space    used 5303K, committed 5440K, reserved 1048576K
}
Event: 10.578 GC heap before
{Heap before GC invocations=13 (full 0):
 garbage-first heap   total 110592K, used 76842K [0x0000000603000000, 0x0000000800000000)
  region size 4096K, 11 young (45056K), 2 survivors (8192K)
 Metaspace       used 53011K, committed 53248K, reserved 1114112K
  class space    used 5826K, committed 5952K, reserved 1048576K
}
Event: 10.591 GC heap after
{Heap after GC invocations=14 (full 0):
 garbage-first heap   total 110592K, used 41857K [0x0000000603000000, 0x0000000800000000)
  region size 4096K, 2 young (8192K), 2 survivors (8192K)
 Metaspace       used 53011K, committed 53248K, reserved 1114112K
  class space    used 5826K, committed 5952K, reserved 1048576K
}
Event: 12.126 GC heap before
{Heap before GC invocations=14 (full 0):
 garbage-first heap   total 110592K, used 70529K [0x0000000603000000, 0x0000000800000000)
  region size 4096K, 10 young (40960K), 2 survivors (8192K)
 Metaspace       used 60165K, committed 60480K, reserved 1114112K
  class space    used 6484K, committed 6656K, reserved 1048576K
}
Event: 12.139 GC heap after
{Heap after GC invocations=15 (full 0):
 garbage-first heap   total 110592K, used 44074K [0x0000000603000000, 0x0000000800000000)
  region size 4096K, 2 young (8192K), 2 survivors (8192K)
 Metaspace       used 60165K, committed 60480K, reserved 1114112K
  class space    used 6484K, committed 6656K, reserved 1048576K
}
Event: 13.550 GC heap before
{Heap before GC invocations=16 (full 0):
 garbage-first heap   total 110592K, used 76842K [0x0000000603000000, 0x0000000800000000)
  region size 4096K, 10 young (40960K), 2 survivors (8192K)
 Metaspace       used 67053K, committed 67328K, reserved 1114112K
  class space    used 7110K, committed 7232K, reserved 1048576K
}
Event: 13.559 GC heap after
{Heap after GC invocations=17 (full 0):
 garbage-first heap   total 110592K, used 44787K [0x0000000603000000, 0x0000000800000000)
  region size 4096K, 2 young (8192K), 2 survivors (8192K)
 Metaspace       used 67053K, committed 67328K, reserved 1114112K
  class space    used 7110K, committed 7232K, reserved 1048576K
}

