# JRE version: OpenJDK Runtime Environment Temurin-17.0.16+8 (17.0.16+8) (build 17.0.16+8)
# Java VM: OpenJDK 64-Bit Server VM Temurin-17.0.16+8 (17.0.16+8, mixed mode, sharing, tiered, compressed oops, compressed class ptrs, g1 gc, windows-amd64)
GC Precious Log:
 CPUs: 16 total, 16 available
 Memory: 32561M
 Large Page Support: Disabled
 NUMA Support: Disabled
 Compressed Oops: Enabled (Zero based)
 Heap Region Size: 4M
 Heap Min Capacity: 8M
 Heap Initial Capacity: 512M
 Heap Max Capacity: 8144M
 Pre-touch: Disabled
 Parallel Workers: 13
 Concurrent Workers: 3
 Concurrent Refinement Workers: 13
 Periodic GC: Disabled
Heap:
 garbage-first heap   total 299008K, used 110935K [0x0000000603000000, 0x0000000800000000)
  region size 4096K, 22 young (90112K), 1 survivors (4096K)
 Metaspace       used 46040K, committed 46336K, reserved 1114112K
  class space    used 5154K, committed 5312K, reserved 1048576K
GC Heap History (20 events):
Event: 0.403 GC heap before
{Heap before GC invocations=0 (full 0):
 garbage-first heap   total 524288K, used 28672K [0x0000000603000000, 0x0000000800000000)
  region size 4096K, 6 young (24576K), 0 survivors (0K)
 Metaspace       used 6845K, committed 6976K, reserved 1114112K
  class space    used 707K, committed 768K, reserved 1048576K
}
Event: 0.405 GC heap after
{Heap after GC invocations=1 (full 0):
 garbage-first heap   total 524288K, used 7034K [0x0000000603000000, 0x0000000800000000)
  region size 4096K, 1 young (4096K), 1 survivors (4096K)
 Metaspace       used 6845K, committed 6976K, reserved 1114112K
  class space    used 707K, committed 768K, reserved 1048576K
}
Event: 0.952 GC heap before
{Heap before GC invocations=1 (full 0):
 garbage-first heap   total 524288K, used 35706K [0x0000000603000000, 0x0000000800000000)
  region size 4096K, 8 young (32768K), 1 survivors (4096K)
 Metaspace       used 15293K, committed 15488K, reserved 1114112K
  class space    used 2019K, committed 2112K, reserved 1048576K
}
Event: 0.955 GC heap after
{Heap after GC invocations=2 (full 0):
 garbage-first heap   total 524288K, used 8851K [0x0000000603000000, 0x0000000800000000)
  region size 4096K, 1 young (4096K), 1 survivors (4096K)
 Metaspace       used 15293K, committed 15488K, reserved 1114112K
  class space    used 2019K, committed 2112K, reserved 1048576K
}
Event: 1.619 GC heap before
{Heap before GC invocations=2 (full 0):
 garbage-first heap   total 524288K, used 49811K [0x0000000603000000, 0x0000000800000000)
  region size 4096K, 12 young (49152K), 1 survivors (4096K)
 Metaspace       used 21397K, committed 21504K, reserved 1114112K
  class space    used 2889K, committed 2944K, reserved 1048576K
}
Event: 1.622 GC heap after
{Heap after GC invocations=3 (full 0):
 garbage-first heap   total 524288K, used 13803K [0x0000000603000000, 0x0000000800000000)
  region size 4096K, 2 young (8192K), 2 survivors (8192K)
 Metaspace       used 21397K, committed 21504K, reserved 1114112K
  class space    used 2889K, committed 2944K, reserved 1048576K
}
Event: 2.075 GC heap before
{Heap before GC invocations=4 (full 0):
 garbage-first heap   total 69632K, used 46571K [0x0000000603000000, 0x0000000800000000)
  region size 4096K, 10 young (40960K), 2 survivors (8192K)
 Metaspace       used 27133K, committed 27328K, reserved 1114112K
  class space    used 3434K, committed 3520K, reserved 1048576K
}
Event: 2.079 GC heap after
{Heap after GC invocations=5 (full 0):
 garbage-first heap   total 69632K, used 16917K [0x0000000603000000, 0x0000000800000000)
  region size 4096K, 1 young (4096K), 1 survivors (4096K)
 Metaspace       used 27133K, committed 27328K, reserved 1114112K
  class space    used 3434K, committed 3520K, reserved 1048576K
}
Event: 2.161 GC heap before
{Heap before GC invocations=5 (full 0):
 garbage-first heap   total 69632K, used 21013K [0x0000000603000000, 0x0000000800000000)
  region size 4096K, 2 young (8192K), 1 survivors (4096K)
 Metaspace       used 28212K, committed 28416K, reserved 1114112K
  class space    used 3558K, committed 3648K, reserved 1048576K
}
Event: 2.166 GC heap after
{Heap after GC invocations=6 (full 0):
 garbage-first heap   total 69632K, used 17274K [0x0000000603000000, 0x0000000800000000)
  region size 4096K, 1 young (4096K), 1 survivors (4096K)
 Metaspace       used 28212K, committed 28416K, reserved 1114112K
  class space    used 3558K, committed 3648K, reserved 1048576K
}
Event: 2.757 GC heap before
{Heap before GC invocations=6 (full 0):
 garbage-first heap   total 69632K, used 41850K [0x0000000603000000, 0x0000000800000000)
  region size 4096K, 7 young (28672K), 1 survivors (4096K)
 Metaspace       used 32344K, committed 32512K, reserved 1114112K
  class space    used 3992K, committed 4096K, reserved 1048576K
}
Event: 2.761 GC heap after
{Heap after GC invocations=7 (full 0):
 garbage-first heap   total 69632K, used 20052K [0x0000000603000000, 0x0000000800000000)
  region size 4096K, 1 young (4096K), 1 survivors (4096K)
 Metaspace       used 32344K, committed 32512K, reserved 1114112K
  class space    used 3992K, committed 4096K, reserved 1048576K
}
Event: 3.010 GC heap before
{Heap before GC invocations=7 (full 0):
 garbage-first heap   total 69632K, used 44628K [0x0000000603000000, 0x0000000800000000)
  region size 4096K, 7 young (28672K), 1 survivors (4096K)
 Metaspace       used 33822K, committed 34112K, reserved 1114112K
  class space    used 4142K, committed 4288K, reserved 1048576K
}
Event: 3.016 GC heap after
{Heap after GC invocations=8 (full 0):
 garbage-first heap   total 69632K, used 21955K [0x0000000603000000, 0x0000000800000000)
  region size 4096K, 1 young (4096K), 1 survivors (4096K)
 Metaspace       used 33822K, committed 34112K, reserved 1114112K
  class space    used 4142K, committed 4288K, reserved 1048576K
}
Event: 3.788 GC heap before
{Heap before GC invocations=8 (full 0):
 garbage-first heap   total 69632K, used 34243K [0x0000000603000000, 0x0000000800000000)
  region size 4096K, 5 young (20480K), 1 survivors (4096K)
 Metaspace       used 36078K, committed 36288K, reserved 1114112K
  class space    used 4359K, committed 4480K, reserved 1048576K
}
Event: 3.796 GC heap after
{Heap after GC invocations=9 (full 0):
 garbage-first heap   total 69632K, used 24956K [0x0000000603000000, 0x0000000800000000)
  region size 4096K, 1 young (4096K), 1 survivors (4096K)
 Metaspace       used 36078K, committed 36288K, reserved 1114112K
  class space    used 4359K, committed 4480K, reserved 1048576K
}
Event: 4.470 GC heap before
{Heap before GC invocations=10 (full 0):
 garbage-first heap   total 69632K, used 45436K [0x0000000603000000, 0x0000000800000000)
  region size 4096K, 6 young (24576K), 1 survivors (4096K)
 Metaspace       used 38461K, committed 38720K, reserved 1114112K
  class space    used 4607K, committed 4736K, reserved 1048576K
}
Event: 4.478 GC heap after
{Heap after GC invocations=11 (full 0):
 garbage-first heap   total 69632K, used 27098K [0x0000000603000000, 0x0000000800000000)
  region size 4096K, 1 young (4096K), 1 survivors (4096K)
 Metaspace       used 38461K, committed 38720K, reserved 1114112K
  class space    used 4607K, committed 4736K, reserved 1048576K
}
Event: 4.944 GC heap before
{Heap before GC invocations=11 (full 0):
 garbage-first heap   total 69632K, used 43482K [0x0000000603000000, 0x0000000800000000)
  region size 4096K, 5 young (20480K), 1 survivors (4096K)
 Metaspace       used 40677K, committed 40960K, reserved 1114112K
  class space    used 4846K, committed 4992K, reserved 1048576K
}
Event: 4.953 GC heap after
{Heap after GC invocations=12 (full 0):
 garbage-first heap   total 299008K, used 29015K [0x0000000603000000, 0x0000000800000000)
  region size 4096K, 1 young (4096K), 1 survivors (4096K)
 Metaspace       used 40677K, committed 40960K, reserved 1114112K
  class space    used 4846K, committed 4992K, reserved 1048576K
}

