# JRE version: OpenJDK Runtime Environment Temurin-17.0.16+8 (17.0.16+8) (build 17.0.16+8)
# Java VM: OpenJDK 64-Bit Server VM Temurin-17.0.16+8 (17.0.16+8, mixed mode, sharing, tiered, compressed oops, compressed class ptrs, g1 gc, windows-amd64)
GC Precious Log:
 CPUs: 16 total, 16 available
 Memory: 32561M
 Large Page Support: Disabled
 NUMA Support: Disabled
 Compressed Oops: Enabled (Zero based)
 Heap Region Size: 4M
 Heap Min Capacity: 8M
 Heap Initial Capacity: 512M
 Heap Max Capacity: 8144M
 Pre-touch: Disabled
 Parallel Workers: 13
 Concurrent Workers: 3
 Concurrent Refinement Workers: 13
 Periodic GC: Disabled
Heap:
 garbage-first heap   total 110592K, used 52964K [0x0000000603000000, 0x0000000800000000)
  region size 4096K, 6 young (24576K), 2 survivors (8192K)
 Metaspace       used 48918K, committed 49216K, reserved 1114112K
  class space    used 5425K, committed 5568K, reserved 1048576K
GC Heap History (20 events):
Event: 0.645 GC heap before
{Heap before GC invocations=1 (full 0):
 garbage-first heap   total 524288K, used 31686K [0x0000000603000000, 0x0000000800000000)
  region size 4096K, 8 young (32768K), 1 survivors (4096K)
 Metaspace       used 15292K, committed 15488K, reserved 1114112K
  class space    used 2018K, committed 2112K, reserved 1048576K
}
Event: 0.648 GC heap after
{Heap after GC invocations=2 (full 0):
 garbage-first heap   total 524288K, used 8841K [0x0000000603000000, 0x0000000800000000)
  region size 4096K, 1 young (4096K), 1 survivors (4096K)
 Metaspace       used 15292K, committed 15488K, reserved 1114112K
  class space    used 2018K, committed 2112K, reserved 1048576K
}
Event: 1.054 GC heap before
{Heap before GC invocations=2 (full 0):
 garbage-first heap   total 524288K, used 45705K [0x0000000603000000, 0x0000000800000000)
  region size 4096K, 11 young (45056K), 1 survivors (4096K)
 Metaspace       used 21372K, committed 21504K, reserved 1114112K
  class space    used 2889K, committed 2944K, reserved 1048576K
}
Event: 1.057 GC heap after
{Heap after GC invocations=3 (full 0):
 garbage-first heap   total 524288K, used 13740K [0x0000000603000000, 0x0000000800000000)
  region size 4096K, 2 young (8192K), 2 survivors (8192K)
 Metaspace       used 21372K, committed 21504K, reserved 1114112K
  class space    used 2889K, committed 2944K, reserved 1048576K
}
Event: 1.345 GC heap before
{Heap before GC invocations=4 (full 0):
 garbage-first heap   total 69632K, used 46508K [0x0000000603000000, 0x0000000800000000)
  region size 4096K, 11 young (45056K), 2 survivors (8192K)
 Metaspace       used 28399K, committed 28544K, reserved 1114112K
  class space    used 3575K, committed 3648K, reserved 1048576K
}
Event: 1.349 GC heap after
{Heap after GC invocations=5 (full 0):
 garbage-first heap   total 69632K, used 16933K [0x0000000603000000, 0x0000000800000000)
  region size 4096K, 3 young (12288K), 3 survivors (12288K)
 Metaspace       used 28399K, committed 28544K, reserved 1114112K
  class space    used 3575K, committed 3648K, reserved 1048576K
}
Event: 1.435 GC heap before
{Heap before GC invocations=5 (full 0):
 garbage-first heap   total 69632K, used 21029K [0x0000000603000000, 0x0000000800000000)
  region size 4096K, 4 young (16384K), 3 survivors (12288K)
 Metaspace       used 29592K, committed 29824K, reserved 1114112K
  class space    used 3683K, committed 3776K, reserved 1048576K
}
Event: 1.441 GC heap after
{Heap after GC invocations=6 (full 0):
 garbage-first heap   total 69632K, used 18431K [0x0000000603000000, 0x0000000800000000)
  region size 4096K, 1 young (4096K), 1 survivors (4096K)
 Metaspace       used 29592K, committed 29824K, reserved 1114112K
  class space    used 3683K, committed 3776K, reserved 1048576K
}
Event: 1.883 GC heap before
{Heap before GC invocations=6 (full 0):
 garbage-first heap   total 69632K, used 38911K [0x0000000603000000, 0x0000000800000000)
  region size 4096K, 7 young (28672K), 1 survivors (4096K)
 Metaspace       used 34812K, committed 35072K, reserved 1114112K
  class space    used 4283K, committed 4416K, reserved 1048576K
}
Event: 1.887 GC heap after
{Heap after GC invocations=7 (full 0):
 garbage-first heap   total 69632K, used 21717K [0x0000000603000000, 0x0000000800000000)
  region size 4096K, 1 young (4096K), 1 survivors (4096K)
 Metaspace       used 34812K, committed 35072K, reserved 1114112K
  class space    used 4283K, committed 4416K, reserved 1048576K
}
Event: 2.012 GC heap before
{Heap before GC invocations=7 (full 0):
 garbage-first heap   total 69632K, used 46293K [0x0000000603000000, 0x0000000800000000)
  region size 4096K, 7 young (28672K), 1 survivors (4096K)
 Metaspace       used 35725K, committed 35968K, reserved 1114112K
  class space    used 4369K, committed 4480K, reserved 1048576K
}
Event: 2.017 GC heap after
{Heap after GC invocations=8 (full 0):
 garbage-first heap   total 69632K, used 24664K [0x0000000603000000, 0x0000000800000000)
  region size 4096K, 1 young (4096K), 1 survivors (4096K)
 Metaspace       used 35725K, committed 35968K, reserved 1114112K
  class space    used 4369K, committed 4480K, reserved 1048576K
}
Event: 2.095 GC heap before
{Heap before GC invocations=8 (full 0):
 garbage-first heap   total 69632K, used 36952K [0x0000000603000000, 0x0000000800000000)
  region size 4096K, 5 young (20480K), 1 survivors (4096K)
 Metaspace       used 35920K, committed 36096K, reserved 1114112K
  class space    used 4380K, committed 4480K, reserved 1048576K
}
Event: 2.100 GC heap after
{Heap after GC invocations=9 (full 0):
 garbage-first heap   total 299008K, used 24949K [0x0000000603000000, 0x0000000800000000)
  region size 4096K, 1 young (4096K), 1 survivors (4096K)
 Metaspace       used 35920K, committed 36096K, reserved 1114112K
  class space    used 4380K, committed 4480K, reserved 1048576K
}
Event: 4.558 GC heap before
{Heap before GC invocations=10 (full 0):
 garbage-first heap   total 110592K, used 86389K [0x0000000603000000, 0x0000000800000000)
  region size 4096K, 16 young (65536K), 1 survivors (4096K)
 Metaspace       used 44514K, committed 44800K, reserved 1114112K
  class space    used 5153K, committed 5312K, reserved 1048576K
}
Event: 4.576 GC heap after
{Heap after GC invocations=11 (full 0):
 garbage-first heap   total 110592K, used 32472K [0x0000000603000000, 0x0000000800000000)
  region size 4096K, 2 young (8192K), 2 survivors (8192K)
 Metaspace       used 44514K, committed 44800K, reserved 1114112K
  class space    used 5153K, committed 5312K, reserved 1048576K
}
Event: 8.111 GC heap before
{Heap before GC invocations=11 (full 0):
 garbage-first heap   total 110592K, used 73432K [0x0000000603000000, 0x0000000800000000)
  region size 4096K, 12 young (49152K), 2 survivors (8192K)
 Metaspace       used 47018K, committed 47296K, reserved 1114112K
  class space    used 5276K, committed 5440K, reserved 1048576K
}
Event: 8.134 GC heap after
{Heap after GC invocations=12 (full 0):
 garbage-first heap   total 110592K, used 36580K [0x0000000603000000, 0x0000000800000000)
  region size 4096K, 1 young (4096K), 1 survivors (4096K)
 Metaspace       used 47018K, committed 47296K, reserved 1114112K
  class space    used 5276K, committed 5440K, reserved 1048576K
}
Event: 10.579 GC heap before
{Heap before GC invocations=12 (full 0):
 garbage-first heap   total 110592K, used 77540K [0x0000000603000000, 0x0000000800000000)
  region size 4096K, 11 young (45056K), 1 survivors (4096K)
 Metaspace       used 47736K, committed 48000K, reserved 1114112K
  class space    used 5305K, committed 5440K, reserved 1048576K
}
Event: 10.596 GC heap after
{Heap after GC invocations=13 (full 0):
 garbage-first heap   total 110592K, used 40676K [0x0000000603000000, 0x0000000800000000)
  region size 4096K, 2 young (8192K), 2 survivors (8192K)
 Metaspace       used 47736K, committed 48000K, reserved 1114112K
  class space    used 5305K, committed 5440K, reserved 1048576K
}

