# JRE version: OpenJDK Runtime Environment Temurin-17.0.16+8 (17.0.16+8) (build 17.0.16+8)
# Java VM: OpenJDK 64-Bit Server VM Temurin-17.0.16+8 (17.0.16+8, mixed mode, sharing, tiered, compressed oops, compressed class ptrs, g1 gc, windows-amd64)
GC Precious Log:
 CPUs: 16 total, 16 available
 Memory: 32561M
 Large Page Support: Disabled
 NUMA Support: Disabled
 Compressed Oops: Enabled (Zero based)
 Heap Region Size: 4M
 Heap Min Capacity: 8M
 Heap Initial Capacity: 512M
 Heap Max Capacity: 8144M
 Pre-touch: Disabled
 Parallel Workers: 13
 Concurrent Workers: 3
 Concurrent Refinement Workers: 13
 Periodic GC: Disabled
Heap:
 garbage-first heap   total 299008K, used 71568K [0x0000000603000000, 0x0000000800000000)
  region size 4096K, 11 young (45056K), 1 survivors (4096K)
 Metaspace       used 46322K, committed 46592K, reserved 1114112K
  class space    used 5164K, committed 5312K, reserved 1048576K
GC Heap History (20 events):
Event: 2.219 GC heap before
{Heap before GC invocations=5 (full 0):
 garbage-first heap   total 69632K, used 21147K [0x0000000603000000, 0x0000000800000000)
  region size 4096K, 2 young (8192K), 1 survivors (4096K)
 Metaspace       used 28245K, committed 28416K, reserved 1114112K
  class space    used 3563K, committed 3648K, reserved 1048576K
}
Event: 2.227 GC heap after
{Heap after GC invocations=6 (full 0):
 garbage-first heap   total 69632K, used 17514K [0x0000000603000000, 0x0000000800000000)
  region size 4096K, 1 young (4096K), 1 survivors (4096K)
 Metaspace       used 28245K, committed 28416K, reserved 1114112K
  class space    used 3563K, committed 3648K, reserved 1048576K
}
Event: 3.110 GC heap before
{Heap before GC invocations=6 (full 0):
 garbage-first heap   total 69632K, used 42090K [0x0000000603000000, 0x0000000800000000)
  region size 4096K, 7 young (28672K), 1 survivors (4096K)
 Metaspace       used 32343K, committed 32512K, reserved 1114112K
  class space    used 3992K, committed 4096K, reserved 1048576K
}
Event: 3.115 GC heap after
{Heap after GC invocations=7 (full 0):
 garbage-first heap   total 69632K, used 20529K [0x0000000603000000, 0x0000000800000000)
  region size 4096K, 1 young (4096K), 1 survivors (4096K)
 Metaspace       used 32343K, committed 32512K, reserved 1114112K
  class space    used 3992K, committed 4096K, reserved 1048576K
}
Event: 3.467 GC heap before
{Heap before GC invocations=7 (full 0):
 garbage-first heap   total 69632K, used 45105K [0x0000000603000000, 0x0000000800000000)
  region size 4096K, 7 young (28672K), 1 survivors (4096K)
 Metaspace       used 33906K, committed 34176K, reserved 1114112K
  class space    used 4150K, committed 4288K, reserved 1048576K
}
Event: 3.473 GC heap after
{Heap after GC invocations=8 (full 0):
 garbage-first heap   total 69632K, used 22393K [0x0000000603000000, 0x0000000800000000)
  region size 4096K, 1 young (4096K), 1 survivors (4096K)
 Metaspace       used 33906K, committed 34176K, reserved 1114112K
  class space    used 4150K, committed 4288K, reserved 1048576K
}
Event: 4.170 GC heap before
{Heap before GC invocations=8 (full 0):
 garbage-first heap   total 69632K, used 34681K [0x0000000603000000, 0x0000000800000000)
  region size 4096K, 5 young (20480K), 1 survivors (4096K)
 Metaspace       used 35935K, committed 36160K, reserved 1114112K
  class space    used 4348K, committed 4480K, reserved 1048576K
}
Event: 4.176 GC heap after
{Heap after GC invocations=9 (full 0):
 garbage-first heap   total 69632K, used 24966K [0x0000000603000000, 0x0000000800000000)
  region size 4096K, 1 young (4096K), 1 survivors (4096K)
 Metaspace       used 35935K, committed 36160K, reserved 1114112K
  class space    used 4348K, committed 4480K, reserved 1048576K
}
Event: 5.011 GC heap before
{Heap before GC invocations=10 (full 0):
 garbage-first heap   total 69632K, used 45446K [0x0000000603000000, 0x0000000800000000)
  region size 4096K, 6 young (24576K), 1 survivors (4096K)
 Metaspace       used 38461K, committed 38720K, reserved 1114112K
  class space    used 4605K, committed 4736K, reserved 1048576K
}
Event: 5.019 GC heap after
{Heap after GC invocations=11 (full 0):
 garbage-first heap   total 69632K, used 27188K [0x0000000603000000, 0x0000000800000000)
  region size 4096K, 1 young (4096K), 1 survivors (4096K)
 Metaspace       used 38461K, committed 38720K, reserved 1114112K
  class space    used 4605K, committed 4736K, reserved 1048576K
}
Event: 5.793 GC heap before
{Heap before GC invocations=11 (full 0):
 garbage-first heap   total 69632K, used 47668K [0x0000000603000000, 0x0000000800000000)
  region size 4096K, 6 young (24576K), 1 survivors (4096K)
 Metaspace       used 41280K, committed 41536K, reserved 1114112K
  class space    used 4915K, committed 5056K, reserved 1048576K
}
Event: 5.801 GC heap after
{Heap after GC invocations=12 (full 0):
 garbage-first heap   total 69632K, used 29847K [0x0000000603000000, 0x0000000800000000)
  region size 4096K, 1 young (4096K), 1 survivors (4096K)
 Metaspace       used 41280K, committed 41536K, reserved 1114112K
  class space    used 4915K, committed 5056K, reserved 1048576K
}
Event: 7.065 GC heap before
{Heap before GC invocations=12 (full 0):
 garbage-first heap   total 69632K, used 50327K [0x0000000603000000, 0x0000000800000000)
  region size 4096K, 6 young (24576K), 1 survivors (4096K)
 Metaspace       used 42935K, committed 43200K, reserved 1114112K
  class space    used 4970K, committed 5120K, reserved 1048576K
}
Event: 7.074 GC heap after
{Heap after GC invocations=13 (full 0):
 garbage-first heap   total 69632K, used 31784K [0x0000000603000000, 0x0000000800000000)
  region size 4096K, 1 young (4096K), 1 survivors (4096K)
 Metaspace       used 42935K, committed 43200K, reserved 1114112K
  class space    used 4970K, committed 5120K, reserved 1048576K
}
Event: 7.665 GC heap before
{Heap before GC invocations=13 (full 0):
 garbage-first heap   total 69632K, used 48168K [0x0000000603000000, 0x0000000800000000)
  region size 4096K, 5 young (20480K), 1 survivors (4096K)
 Metaspace       used 43866K, committed 44096K, reserved 1114112K
  class space    used 5055K, committed 5184K, reserved 1048576K
}
Event: 7.670 GC heap after
{Heap after GC invocations=14 (full 0):
 garbage-first heap   total 69632K, used 32505K [0x0000000603000000, 0x0000000800000000)
  region size 4096K, 1 young (4096K), 1 survivors (4096K)
 Metaspace       used 43866K, committed 44096K, reserved 1114112K
  class space    used 5055K, committed 5184K, reserved 1048576K
}
Event: 8.573 GC heap before
{Heap before GC invocations=15 (full 0):
 garbage-first heap   total 69632K, used 48889K [0x0000000603000000, 0x0000000800000000)
  region size 4096K, 5 young (20480K), 1 survivors (4096K)
 Metaspace       used 45009K, committed 45312K, reserved 1114112K
  class space    used 5099K, committed 5248K, reserved 1048576K
}
Event: 8.581 GC heap after
{Heap after GC invocations=16 (full 0):
 garbage-first heap   total 69632K, used 35296K [0x0000000603000000, 0x0000000800000000)
  region size 4096K, 1 young (4096K), 1 survivors (4096K)
 Metaspace       used 45009K, committed 45312K, reserved 1114112K
  class space    used 5099K, committed 5248K, reserved 1048576K
}
Event: 8.593 GC heap before
{Heap before GC invocations=16 (full 0):
 garbage-first heap   total 69632K, used 39392K [0x0000000603000000, 0x0000000800000000)
  region size 4096K, 2 young (8192K), 1 survivors (4096K)
 Metaspace       used 45012K, committed 45312K, reserved 1114112K
  class space    used 5099K, committed 5248K, reserved 1048576K
}
Event: 8.610 GC heap after
{Heap after GC invocations=17 (full 0):
 garbage-first heap   total 299008K, used 34704K [0x0000000603000000, 0x0000000800000000)
  region size 4096K, 1 young (4096K), 1 survivors (4096K)
 Metaspace       used 45012K, committed 45312K, reserved 1114112K
  class space    used 5099K, committed 5248K, reserved 1048576K
}

