# JRE version: OpenJDK Runtime Environment Temurin-17.0.16+8 (17.0.16+8) (build 17.0.16+8)
# Java VM: OpenJDK 64-Bit Server VM Temurin-17.0.16+8 (17.0.16+8, mixed mode, sharing, tiered, compressed oops, compressed class ptrs, g1 gc, windows-amd64)
GC Precious Log:
 CPUs: 16 total, 16 available
 Memory: 32561M
 Large Page Support: Disabled
 NUMA Support: Disabled
 Compressed Oops: Enabled (Zero based)
 Heap Region Size: 4M
 Heap Min Capacity: 8M
 Heap Initial Capacity: 512M
 Heap Max Capacity: 8144M
 Pre-touch: Disabled
 Parallel Workers: 13
 Concurrent Workers: 3
 Concurrent Refinement Workers: 13
 Periodic GC: Disabled
Heap:
 garbage-first heap   total 69632K, used 43508K [0x0000000603000000, 0x0000000800000000)
  region size 4096K, 5 young (20480K), 1 survivors (4096K)
 Metaspace       used 49577K, committed 49856K, reserved 1114112K
  class space    used 5754K, committed 5888K, reserved 1048576K
GC Heap History (20 events):
Event: 1.398 GC heap before
{Heap before GC invocations=1 (full 0):
 garbage-first heap   total 524288K, used 31522K [0x0000000603000000, 0x0000000800000000)
  region size 4096K, 8 young (32768K), 1 survivors (4096K)
 Metaspace       used 15294K, committed 15488K, reserved 1114112K
  class space    used 2018K, committed 2112K, reserved 1048576K
}
Event: 1.401 GC heap after
{Heap after GC invocations=2 (full 0):
 garbage-first heap   total 524288K, used 8952K [0x0000000603000000, 0x0000000800000000)
  region size 4096K, 1 young (4096K), 1 survivors (4096K)
 Metaspace       used 15294K, committed 15488K, reserved 1114112K
  class space    used 2018K, committed 2112K, reserved 1048576K
}
Event: 2.003 GC heap before
{Heap before GC invocations=2 (full 0):
 garbage-first heap   total 524288K, used 45816K [0x0000000603000000, 0x0000000800000000)
  region size 4096K, 11 young (45056K), 1 survivors (4096K)
 Metaspace       used 21372K, committed 21504K, reserved 1114112K
  class space    used 2889K, committed 2944K, reserved 1048576K
}
Event: 2.006 GC heap after
{Heap after GC invocations=3 (full 0):
 garbage-first heap   total 524288K, used 13695K [0x0000000603000000, 0x0000000800000000)
  region size 4096K, 2 young (8192K), 2 survivors (8192K)
 Metaspace       used 21372K, committed 21504K, reserved 1114112K
  class space    used 2889K, committed 2944K, reserved 1048576K
}
Event: 3.051 GC heap before
{Heap before GC invocations=4 (full 0):
 garbage-first heap   total 69632K, used 46463K [0x0000000603000000, 0x0000000800000000)
  region size 4096K, 10 young (40960K), 2 survivors (8192K)
 Metaspace       used 27116K, committed 27328K, reserved 1114112K
  class space    used 3432K, committed 3520K, reserved 1048576K
}
Event: 3.056 GC heap after
{Heap after GC invocations=5 (full 0):
 garbage-first heap   total 69632K, used 16895K [0x0000000603000000, 0x0000000800000000)
  region size 4096K, 1 young (4096K), 1 survivors (4096K)
 Metaspace       used 27116K, committed 27328K, reserved 1114112K
  class space    used 3432K, committed 3520K, reserved 1048576K
}
Event: 3.141 GC heap before
{Heap before GC invocations=5 (full 0):
 garbage-first heap   total 69632K, used 20991K [0x0000000603000000, 0x0000000800000000)
  region size 4096K, 2 young (8192K), 1 survivors (4096K)
 Metaspace       used 28204K, committed 28352K, reserved 1114112K
  class space    used 3561K, committed 3648K, reserved 1048576K
}
Event: 3.147 GC heap after
{Heap after GC invocations=6 (full 0):
 garbage-first heap   total 69632K, used 17040K [0x0000000603000000, 0x0000000800000000)
  region size 4096K, 1 young (4096K), 1 survivors (4096K)
 Metaspace       used 28204K, committed 28352K, reserved 1114112K
  class space    used 3561K, committed 3648K, reserved 1048576K
}
Event: 3.839 GC heap before
{Heap before GC invocations=6 (full 0):
 garbage-first heap   total 69632K, used 45712K [0x0000000603000000, 0x0000000800000000)
  region size 4096K, 8 young (32768K), 1 survivors (4096K)
 Metaspace       used 34713K, committed 35008K, reserved 1114112K
  class space    used 4330K, committed 4480K, reserved 1048576K
}
Event: 3.845 GC heap after
{Heap after GC invocations=7 (full 0):
 garbage-first heap   total 69632K, used 20480K [0x0000000603000000, 0x0000000800000000)
  region size 4096K, 1 young (4096K), 1 survivors (4096K)
 Metaspace       used 34713K, committed 35008K, reserved 1114112K
  class space    used 4330K, committed 4480K, reserved 1048576K
}
Event: 4.142 GC heap before
{Heap before GC invocations=7 (full 0):
 garbage-first heap   total 69632K, used 24576K [0x0000000603000000, 0x0000000800000000)
  region size 4096K, 3 young (12288K), 1 survivors (4096K)
 Metaspace       used 35855K, committed 36096K, reserved 1114112K
  class space    used 4456K, committed 4608K, reserved 1048576K
}
Event: 4.148 GC heap after
{Heap after GC invocations=8 (full 0):
 garbage-first heap   total 69632K, used 21119K [0x0000000603000000, 0x0000000800000000)
  region size 4096K, 1 young (4096K), 1 survivors (4096K)
 Metaspace       used 35855K, committed 36096K, reserved 1114112K
  class space    used 4456K, committed 4608K, reserved 1048576K
}
Event: 4.628 GC heap before
{Heap before GC invocations=9 (full 0):
 garbage-first heap   total 69632K, used 45695K [0x0000000603000000, 0x0000000800000000)
  region size 4096K, 7 young (28672K), 1 survivors (4096K)
 Metaspace       used 37840K, committed 38016K, reserved 1114112K
  class space    used 4692K, committed 4800K, reserved 1048576K
}
Event: 4.632 GC heap after
{Heap after GC invocations=10 (full 0):
 garbage-first heap   total 69632K, used 22568K [0x0000000603000000, 0x0000000800000000)
  region size 4096K, 1 young (4096K), 1 survivors (4096K)
 Metaspace       used 37840K, committed 38016K, reserved 1114112K
  class space    used 4692K, committed 4800K, reserved 1048576K
}
Event: 5.404 GC heap before
{Heap before GC invocations=10 (full 0):
 garbage-first heap   total 69632K, used 47144K [0x0000000603000000, 0x0000000800000000)
  region size 4096K, 7 young (28672K), 1 survivors (4096K)
 Metaspace       used 39507K, committed 39808K, reserved 1114112K
  class space    used 4848K, committed 4992K, reserved 1048576K
}
Event: 5.409 GC heap after
{Heap after GC invocations=11 (full 0):
 garbage-first heap   total 69632K, used 24031K [0x0000000603000000, 0x0000000800000000)
  region size 4096K, 1 young (4096K), 1 survivors (4096K)
 Metaspace       used 39507K, committed 39808K, reserved 1114112K
  class space    used 4848K, committed 4992K, reserved 1048576K
}
Event: 7.373 GC heap before
{Heap before GC invocations=11 (full 0):
 garbage-first heap   total 69632K, used 52703K [0x0000000603000000, 0x0000000800000000)
  region size 4096K, 8 young (32768K), 1 survivors (4096K)
 Metaspace       used 42988K, committed 43264K, reserved 1114112K
  class space    used 5108K, committed 5248K, reserved 1048576K
}
Event: 7.386 GC heap after
{Heap after GC invocations=12 (full 0):
 garbage-first heap   total 69632K, used 29154K [0x0000000603000000, 0x0000000800000000)
  region size 4096K, 1 young (4096K), 1 survivors (4096K)
 Metaspace       used 42988K, committed 43264K, reserved 1114112K
  class space    used 5108K, committed 5248K, reserved 1048576K
}
Event: 7.979 GC heap before
{Heap before GC invocations=12 (full 0):
 garbage-first heap   total 69632K, used 45538K [0x0000000603000000, 0x0000000800000000)
  region size 4096K, 5 young (20480K), 1 survivors (4096K)
 Metaspace       used 46793K, committed 47104K, reserved 1114112K
  class space    used 5488K, committed 5632K, reserved 1048576K
}
Event: 7.988 GC heap after
{Heap after GC invocations=13 (full 0):
 garbage-first heap   total 69632K, used 31220K [0x0000000603000000, 0x0000000800000000)
  region size 4096K, 1 young (4096K), 1 survivors (4096K)
 Metaspace       used 46793K, committed 47104K, reserved 1114112K
  class space    used 5488K, committed 5632K, reserved 1048576K
}

